<?xml version="1.0" encoding="UTF-8"?>
<!-- Generated by org.testng.reporters.JUnitReportReporter -->
<testsuite hostname="MWDH-Work2" failures="0" tests="1" name="Ass2XpathLocator.chromeWebDriver" time="39.328" errors="0" timestamp="2022-07-24T18:25:06 AST" skipped="0">
  <testcase classname="Ass2XpathLocator.chromeWebDriver" name="chrom" time="39.328"/>
  <system-out/>
</testsuite> <!-- Ass2XpathLocator.chromeWebDriver -->
